#
# A fatal error has been detected by the Java Runtime Environment:
#
#  Internal Error (classFileParser.cpp:3494), pid=2164, tid=3792
#  Error: ShouldNotReachHere()
#
# JRE version: 6.0_31-b05
# Java VM: Java HotSpot(TM) 64-Bit Server VM (20.6-b01 mixed mode windows-amd64 compressed oops)
# If you would like to submit a bug report, please visit:
#   http://java.sun.com/webapps/bugreport/crash.jsp
#

---------------  T H R E A D  ---------------

Current thread (0x00000000005dc000):  JavaThread "Unknown thread" [_thread_in_vm, id=3792, stack(0x0000000002390000,0x0000000002490000)]

Stack: [0x0000000002390000,0x0000000002490000]
[error occurred during error reporting (printing stack bounds), id 0xc0000005]


---------------  P R O C E S S  ---------------

Java Threads: ( => current thread )

Other Threads:

=>0x00000000005dc000 (exited) JavaThread "Unknown thread" [_thread_in_vm, id=3792, stack(0x0000000002390000,0x0000000002490000)]

VM state:not at safepoint (not fully initialized)

VM Mutex/Monitor currently owned by a thread: None

Dynamic libraries:
0x0000000000400000 - 0x000000000042f000 	C:\dev\Java\java\bin\javaw.exe
0x0000000076eb0000 - 0x0000000077059000 	C:\Windows\SYSTEM32\ntdll.dll
0x0000000076a20000 - 0x0000000076b3f000 	C:\Windows\system32\kernel32.dll
0x000007fefd4a0000 - 0x000007fefd50c000 	C:\Windows\system32\KERNELBASE.dll
0x000007fefdb80000 - 0x000007fefdc5b000 	C:\Windows\system32\ADVAPI32.dll
0x000007fefdd00000 - 0x000007fefdd9f000 	C:\Windows\system32\msvcrt.dll
0x000007feff070000 - 0x000007feff08f000 	C:\Windows\SYSTEM32\sechost.dll
0x000007fefda50000 - 0x000007fefdb7d000 	C:\Windows\system32\RPCRT4.dll
0x00000000767d0000 - 0x00000000768ca000 	C:\Windows\system32\USER32.dll
0x000007feff000000 - 0x000007feff067000 	C:\Windows\system32\GDI32.dll
0x000007fefda40000 - 0x000007fefda4e000 	C:\Windows\system32\LPK.dll
0x000007fefdda0000 - 0x000007fefde69000 	C:\Windows\system32\USP10.dll
0x000007fefdcd0000 - 0x000007fefdcfe000 	C:\Windows\system32\IMM32.DLL
0x000007fefde70000 - 0x000007fefdf79000 	C:\Windows\system32\MSCTF.dll
0x000000006d8b0000 - 0x000000006e068000 	C:\dev\Java\java\jre\bin\server\jvm.dll
0x000007fefa2c0000 - 0x000007fefa2fb000 	C:\Windows\system32\WINMM.dll
0x000000006d820000 - 0x000000006d82e000 	C:\dev\Java\java\jre\bin\verify.dll
0x000000006d450000 - 0x000000006d477000 	C:\dev\Java\java\jre\bin\java.dll
0x000000006d870000 - 0x000000006d882000 	C:\dev\Java\java\jre\bin\zip.dll
0x0000000077070000 - 0x0000000077077000 	C:\Windows\system32\PSAPI.DLL

VM Arguments:
jvm_args: -Dfile.encoding=Cp1252 -Xbootclasspath:L:\android-sdk\android-sdk_r09-windows\platforms\android-15\android.jar 
java_command: org.eclipse.jdt.internal.junit.runner.RemoteTestRunner -version 3 -port 58985 -testLoaderClass org.eclipse.jdt.internal.junit4.runner.JUnit4TestLoader -loaderpluginname org.eclipse.jdt.junit4.runtime -test test.com.morgan.design.seamlessbackup.domain.loader.CursorBuilderUnitTest:testMe
Launcher Type: SUN_STANDARD

Environment Variables:
JAVA_HOME=C:\dev\Java\java
CLASSPATH=.;C:\Program Files (x86)\Java\jre6\lib\ext\QTJava.zip
PATH=C:\Program Files (x86)\NVIDIA Corporation\PhysX\Common;C:\Program Files\Common Files\Microsoft Shared\Windows Live;C:\Windows\system32;C:\Windows;C:\Windows\System32\Wbem;C:\Windows\System32\WindowsPowerShell\v1.0\;C:\dev\MySQL\MySQL Server 5.1\bin;C:\dev\Grails\grails\bin;C:\dev\Java\java\bin;C:\Program Files (x86)\Microsoft SQL Server\100\Tools\Binn\;C:\Program Files (x86)\Microsoft SQL Server\100\DTS\Binn\;C:\dev\maven\maven\bin;C:\dev\tomcat\bin;C:\Program Files (x86)\Subversion\bin;C:\Program Files\TortoiseSVN\bin;C:\Program Files (x86)\Common Files\Roxio Shared\9.0\DLLShared\;C:\Program Files (x86)\Common Files\Teleca Shared;0X0.000000P-1022NDROID_SDK\tools;C:\Program Files (x86)\GmoteServer\bin\VLC;L:\scripts;C:\Program Files (x86)\QuickTime\QTSystem\;C:\dev\Git\cmd;C:\Program Files (x86)\GtkSharp\2.12\bin;C:\Ruby193\bin;C:\Program Files\Common Files\Microsoft Shared\Windows Live;L:\scripts;L:\android-sdk\android-sdk/tools;L:\android-sdk\android-sdk/platform-tools
USERNAME=James Edward Morgan
OS=Windows_NT
PROCESSOR_IDENTIFIER=AMD64 Family 16 Model 4 Stepping 3, AuthenticAMD



---------------  S Y S T E M  ---------------

OS: Windows 7 , 64 bit Build 7601 Service Pack 1

CPU:total 4 (4 cores per cpu, 1 threads per core) family 16 model 4 stepping 3, cmov, cx8, fxsr, mmx, sse, sse2, sse3, popcnt, mmxext, 3dnow, 3dnowext, lzcnt, sse4a

Memory: 4k page, physical 8386744k(3976572k free), swap 16771636k(11760056k free)

vm_info: Java HotSpot(TM) 64-Bit Server VM (20.6-b01) for windows-amd64 JRE (1.6.0_31-b05), built on Feb  3 2012 18:34:57 by "java_re" with MS VC++ 8.0 (VS2005)

time: Sat Jun 02 20:42:10 2012
elapsed time: 0 seconds

